[debug] [2019-09-17T17:30:37.210Z] ----------------------------------------------------------------------
[debug] [2019-09-17T17:30:37.213Z] Command:       C:\Program Files\nodejs\node.exe C:\Users\Star\AppData\Roaming\npm\node_modules\firebase-tools\lib\bin\firebase.js init
[debug] [2019-09-17T17:30:37.214Z] CLI Version:   7.3.2
[debug] [2019-09-17T17:30:37.214Z] Platform:      win32
[debug] [2019-09-17T17:30:37.214Z] Node Version:  v12.10.0
[debug] [2019-09-17T17:30:37.215Z] Time:          Tue Sep 17 2019 23:00:37 GMT+0530 (India Standard Time)
[debug] [2019-09-17T17:30:37.215Z] ----------------------------------------------------------------------
[debug] 
[debug] [2019-09-17T17:30:37.229Z] > command requires scopes: ["email","openid","https://www.googleapis.com/auth/cloudplatformprojects.readonly","https://www.googleapis.com/auth/firebase","https://www.googleapis.com/auth/cloud-platform"]
[debug] [2019-09-17T17:30:37.230Z] > authorizing via signed-in user
[info] 
     ######## #### ########  ######## ########     ###     ######  ########
     ##        ##  ##     ## ##       ##     ##  ##   ##  ##       ##
     ######    ##  ########  ######   ########  #########  ######  ######
     ##        ##  ##    ##  ##       ##     ## ##     ##       ## ##
     ##       #### ##     ## ######## ########  ##     ##  ######  ########

You're about to initialize a Firebase project in this directory:

  C:\Users\Star\AndroidDatabaseExample\SellAny

Before we get started, keep in mind:

  * You are initializing in an existing Firebase project directory

[info] 
=== Project Setup
[info] 
[info] First, let's associate this project directory with a Firebase project.
[info] You can create multiple project aliases by running firebase use --add, 
[info] but for now we'll just set up a default project.
[info] 
[debug] [2019-09-17T17:30:45.016Z] > refreshing access token with scopes: ["email","https://www.googleapis.com/auth/cloud-platform","https://www.googleapis.com/auth/cloudplatformprojects.readonly","https://www.googleapis.com/auth/firebase","openid"]
[debug] [2019-09-17T17:30:45.016Z] >>> HTTP REQUEST POST https://www.googleapis.com/oauth2/v3/token  
 <request body omitted>
[debug] [2019-09-17T17:30:45.266Z] <<< HTTP RESPONSE 200
[debug] [2019-09-17T17:30:45.307Z] >>> HTTP REQUEST GET https://firebase.googleapis.com/v1beta1/projects/sellany  
 
[debug] [2019-09-17T17:30:45.824Z] <<< HTTP RESPONSE 403
[debug] [2019-09-17T17:30:45.825Z] <<< HTTP RESPONSE BODY
[debug] [2019-09-17T17:30:45.828Z] HTTP Error: 403, The caller does not have permission
[debug] [2019-09-17T17:30:45.991Z] FirebaseError: HTTP Error: 403, The caller does not have permission
    at module.exports (C:\Users\Star\AppData\Roaming\npm\node_modules\firebase-tools\lib\responseToError.js:38:12)
    at Request._callback (C:\Users\Star\AppData\Roaming\npm\node_modules\firebase-tools\lib\api.js:39:35)
    at Request.self.callback (C:\Users\Star\AppData\Roaming\npm\node_modules\firebase-tools\node_modules\request\request.js:185:22)
    at Request.emit (events.js:209:13)
    at Request.EventEmitter.emit (domain.js:476:20)
    at Request.<anonymous> (C:\Users\Star\AppData\Roaming\npm\node_modules\firebase-tools\node_modules\request\request.js:1161:10)
    at Request.emit (events.js:209:13)
    at Request.EventEmitter.emit (domain.js:476:20)
    at IncomingMessage.<anonymous> (C:\Users\Star\AppData\Roaming\npm\node_modules\firebase-tools\node_modules\request\request.js:1083:12)
    at Object.onceWrapper (events.js:298:28)
[error] 
[error] Error: Failed to get Firebase project sellany. Please make sure the project exists and your account has permission to access it.
